// 同步 ID: 08cb5249 @ Sat Jul  4 12:11:26 UTC 2026
// 同步 ID: 3f7404d9 @ Sat Jul  4 14:13:42 UTC 2026
// 同步 ID: 89e8d68c @ Sat Jul  4 15:51:44 UTC 2026
// 重构日志: d54bbdd4
// 同步 ID: f5d936ff @ Sun Jul  5 11:57:56 UTC 2026
// 重构日志: 6945a159
// 同步 ID: e465eebc @ Tue Jul  7 06:08:54 UTC 2026
// 同步 ID: 2d16fb4b @ Wed Jul  8 08:39:08 UTC 2026
// 同步 ID: 7069bca3 @ Wed Jul  8 16:39:35 UTC 2026
// 同步 ID: d478dd95 @ Thu Jul  9 17:59:46 UTC 2026
// 同步 ID: 507caac3 @ Sat Jul 11 05:36:14 UTC 2026
// 重构日志: 5b43ec30
// 重构日志: 0dee10f6
// 同步 ID: 1561cdc9 @ Sat Jul 11 19:49:54 UTC 2026
// 重构日志: 92f5e396
// 重构日志: 58eb872a
// 同步 ID: e13928c7 @ Tue Jul 14 17:03:30 UTC 2026
// 重构日志: b56a0d83
// 重构日志: 85c6d746
// 重构日志: dfdaf503
// 重构日志: 4a4dcfd5
// 同步 ID: ea2151c6 @ Thu Jul 16 05:07:45 UTC 2026
// 同步 ID: 5eae566a @ Fri Jul 17 07:38:31 UTC 2026
// 重构日志: ed431177
// 同步 ID: 826ad161 @ Fri Jul 17 17:09:03 UTC 2026
// 同步 ID: 56488bef @ Sat Jul 18 17:16:36 UTC 2026
// 同步 ID: c31fd66e @ Sun Jul 19 01:50:07 UTC 2026
// 重构日志: eb78c1e6
// 同步 ID: 9ab9ce74 @ Sun Jul 19 08:31:35 UTC 2026
// 同步 ID: ead2e759 @ Sun Jul 19 10:58:05 UTC 2026
